info: Servidor rodando na porta: 3000 {"timestamp":"2023-12-12T02:20:35.858Z"}
info: Servidor rodando na porta: 3000 {"timestamp":"2023-12-12T02:21:40.783Z"}
info: Servidor rodando na porta: 3000 {"timestamp":"2023-12-12T02:21:43.636Z"}
info: Servidor rodando na porta: 3000 {"timestamp":"2023-12-12T02:21:49.256Z"}
info: Servidor rodando na porta: 3000 {"timestamp":"2023-12-12T02:22:07.794Z"}
info: Servidor rodando na porta: 3000 {"timestamp":"2023-12-12T02:23:05.048Z"}
info: Servidor rodando na porta: 3000 {"timestamp":"2023-12-12T02:25:42.890Z"}
info: Servidor rodando na porta: 3000 {"timestamp":"2023-12-12T02:25:59.736Z"}
info: Servidor rodando na porta: 3000 {"timestamp":"2023-12-12T02:26:00.869Z"}
info: Servidor rodando na porta: 3000 {"timestamp":"2023-12-12T02:26:08.906Z"}
info: Novo usuário cadastrado com sucesso! {"timestamp":"2023-12-12T02:26:44.661Z"}
info: Servidor rodando na porta: 3000 {"timestamp":"2023-12-12T02:42:19.387Z"}
info: Servidor rodando na porta: 3000 {"timestamp":"2023-12-12T02:42:38.708Z"}
info: Servidor rodando na porta: 3000 {"timestamp":"2023-12-12T22:32:57.553Z"}
info: Servidor rodando na porta: 3000 {"timestamp":"2023-12-12T22:33:18.651Z"}
info: Novo usuário cadastrado com sucesso! {"timestamp":"2023-12-12T22:33:51.956Z"}
info: Servidor rodando na porta: 3000 {"timestamp":"2023-12-12T22:38:01.007Z"}
info: Servidor rodando na porta: 3000 {"timestamp":"2023-12-12T22:39:26.172Z"}
info: Servidor rodando na porta: 3000 {"timestamp":"2023-12-12T22:40:49.336Z"}
info: Servidor rodando na porta: 3000 {"timestamp":"2023-12-12T22:44:30.624Z"}
info: Servidor rodando na porta: 3000 {"timestamp":"2023-12-12T22:44:43.879Z"}
info: Servidor rodando na porta: 3000 {"timestamp":"2023-12-12T22:44:53.224Z"}
info: Novo usuário cadastrado com sucesso! {"timestamp":"2023-12-12T22:46:46.732Z"}
info: Servidor rodando na porta: 3000 {"timestamp":"2023-12-12T22:48:23.707Z"}
info: Novo usuário cadastrado com sucesso! {"timestamp":"2023-12-12T22:48:51.557Z"}
info: Erro ao realizar a criação de novo usuário! {"timestamp":"2023-12-12T22:48:53.700Z"}
info: Erro ao realizar a criação de novo usuário! {"timestamp":"2023-12-12T22:48:54.210Z"}
info: Erro ao realizar a criação de novo usuário! {"timestamp":"2023-12-12T22:48:54.388Z"}
info: Novo usuário cadastrado com sucesso! {"timestamp":"2023-12-12T22:49:30.872Z"}
info: Novo usuário cadastrado com sucesso! {"timestamp":"2023-12-12T22:50:01.582Z"}
info: Servidor rodando na porta: 3000 {"timestamp":"2023-12-12T22:50:48.283Z"}
info: Novo usuário cadastrado com sucesso! {"timestamp":"2023-12-12T22:51:14.180Z"}
info: Erro ao realizar a criação de novo usuário! {"timestamp":"2023-12-12T22:51:18.024Z"}
info: Servidor rodando na porta: 3000 {"timestamp":"2023-12-12T22:52:22.864Z"}
info: Servidor rodando na porta: 3000 {"timestamp":"2023-12-12T22:52:29.837Z"}
info: Servidor rodando na porta: 3000 {"timestamp":"2023-12-12T22:52:39.524Z"}
info: Servidor rodando na porta: 3000 {"timestamp":"2023-12-12T22:54:04.804Z"}
info: Novo usuário cadastrado com sucesso! {"timestamp":"2023-12-12T22:54:20.407Z"}
info: Novo usuário cadastrado com sucesso! {"timestamp":"2023-12-12T22:55:43.105Z"}
info: Novo usuário cadastrado com sucesso! {"timestamp":"2023-12-12T22:56:06.499Z"}
info: Novo usuário cadastrado com sucesso! {"timestamp":"2023-12-12T22:57:47.247Z"}
info: Servidor rodando na porta: 3000 {"timestamp":"2023-12-12T22:58:48.629Z"}
info: Novo usuário cadastrado com sucesso! {"timestamp":"2023-12-12T22:59:11.097Z"}
info: Servidor rodando na porta: 3000 {"timestamp":"2023-12-12T22:59:34.398Z"}
info: Servidor rodando na porta: 3000 {"timestamp":"2023-12-12T22:59:51.881Z"}
info: Novo usuário cadastrado com sucesso! {"timestamp":"2023-12-12T23:00:02.128Z"}
info: Servidor rodando na porta: 3000 {"timestamp":"2023-12-13T00:18:55.935Z"}
info: Novo usuário cadastrado com sucesso! {"timestamp":"2023-12-13T00:23:01.360Z"}
info: Servidor rodando na porta: 3000 {"timestamp":"2023-12-13T00:23:41.555Z"}
info: Servidor rodando na porta: 3000 {"timestamp":"2023-12-13T00:23:45.790Z"}
info: Servidor rodando na porta: 3000 {"timestamp":"2023-12-13T00:23:52.867Z"}
info: Servidor rodando na porta: 3000 {"timestamp":"2023-12-13T00:24:00.482Z"}
info: Servidor rodando na porta: 3000 {"timestamp":"2023-12-13T00:24:08.584Z"}
info: Servidor rodando na porta: 3000 {"timestamp":"2023-12-13T00:24:14.067Z"}
info: Servidor rodando na porta: 3000 {"timestamp":"2023-12-13T00:24:18.425Z"}
info: Servidor rodando na porta: 3000 {"timestamp":"2023-12-13T00:24:24.157Z"}
info: Servidor rodando na porta: 3000 {"timestamp":"2023-12-13T00:24:28.924Z"}
info: Servidor rodando na porta: 3000 {"timestamp":"2023-12-13T00:24:37.471Z"}
info: Servidor rodando na porta: 3000 {"timestamp":"2023-12-13T00:24:44.195Z"}
info: Servidor rodando na porta: 3000 {"timestamp":"2023-12-13T00:24:50.493Z"}
info: Servidor rodando na porta: 3000 {"timestamp":"2023-12-13T00:25:02.821Z"}
info: Servidor rodando na porta: 3000 {"timestamp":"2023-12-13T00:25:08.786Z"}
info: Servidor rodando na porta: 3000 {"timestamp":"2023-12-13T00:25:15.741Z"}
info: Servidor rodando na porta: 3000 {"timestamp":"2023-12-13T00:25:21.969Z"}
info: Servidor rodando na porta: 3000 {"timestamp":"2023-12-13T00:25:28.856Z"}
info: Servidor rodando na porta: 3000 {"timestamp":"2023-12-13T00:25:33.562Z"}
info: Servidor rodando na porta: 3000 {"timestamp":"2023-12-13T00:25:35.548Z"}
info: Servidor rodando na porta: 3000 {"timestamp":"2023-12-13T00:25:38.909Z"}
info: Servidor rodando na porta: 3000 {"timestamp":"2023-12-13T00:25:43.665Z"}
info: Servidor rodando na porta: 3000 {"timestamp":"2023-12-13T00:26:17.341Z"}
info: Novo usuário cadastrado com sucesso! {"timestamp":"2023-12-13T00:26:48.624Z"}
info: Servidor rodando na porta: 3000 {"timestamp":"2023-12-13T00:27:14.135Z"}
info: Servidor rodando na porta: 3000 {"timestamp":"2023-12-13T00:27:43.390Z"}
info: Servidor rodando na porta: 3000 {"timestamp":"2023-12-13T00:27:49.095Z"}
info: Servidor rodando na porta: 3000 {"timestamp":"2023-12-13T00:27:51.326Z"}
info: Servidor rodando na porta: 3000 {"timestamp":"2023-12-13T00:28:38.540Z"}
info: Novo usuário cadastrado com sucesso! E-mail: camillydev@gmail.com {"timestamp":"2023-12-13T00:29:00.713Z"}
info: Novo usuário cadastrado com sucesso! E-mail: andersonteste@hotmail.com {"timestamp":"2023-12-13T00:56:31.161Z"}
info: Novo usuário cadastrado com sucesso! E-mail: anderson@hotmail.com {"timestamp":"2023-12-13T00:59:15.239Z"}
info: Novo usuário cadastrado com sucesso! E-mail: usuario2@hotmail.com {"timestamp":"2023-12-13T00:59:52.870Z"}
info: Novo usuário cadastrado com sucesso! E-mail: usuario3@hotmail.com {"timestamp":"2023-12-13T01:00:09.419Z"}
info: Novo usuário cadastrado com sucesso! E-mail: davi@hotmail.com {"timestamp":"2023-12-13T01:02:34.525Z"}
info: Novo usuário cadastrado com sucesso! E-mail: usuario4@hotmail.com {"timestamp":"2023-12-13T01:08:13.823Z"}
